****                   ADMIXTURE Version 1.3.0                  ****
****                    Copyright 2008-2015                     ****
****           David Alexander, Suyash Shringarpure,            ****
****                John  Novembre, Ken Lange                   ****
****                                                            ****
****                 Please cite our paper!                     ****
****   Information at www.genetics.ucla.edu/software/admixture  ****

Cross-validation will be performed.  Folds=5.
Parallel execution requested.  Will use 16 threads.
Random seed: 123
Point estimation method: Block relaxation algorithm
Convergence acceleration algorithm: QuasiNewton, 3 secant conditions
Point estimation will terminate when objective function delta < 0.0001
Estimation of standard errors disabled; will compute point estimates only.
Size of G: 184x412494
Performing five EM steps to prime main algorithm
1 (EM) 	Elapsed: 1.977	Loglikelihood: -4.70489e+07	(delta): 5.72251e+07
2 (EM) 	Elapsed: 1.766	Loglikelihood: -4.70489e+07	(delta): 0
3 (EM) 	Elapsed: 1.821	Loglikelihood: -4.70489e+07	(delta): 0
4 (EM) 	Elapsed: 1.704	Loglikelihood: -4.70489e+07	(delta): 0
5 (EM) 	Elapsed: 1.891	Loglikelihood: -4.70489e+07	(delta): -7.45058e-09
Initial loglikelihood: -4.70489e+07
Starting main algorithm
1 (QN/Block) 	Elapsed: 4.251	Loglikelihood: -4.70489e+07	(delta): 0
Summary: 
Converged in 1 iterations (14.251 sec)
Loglikelihood: -47048921.327668
CV error (K=1): 0.50368
Writing output files.
****                   ADMIXTURE Version 1.3.0                  ****
****                    Copyright 2008-2015                     ****
****           David Alexander, Suyash Shringarpure,            ****
****                John  Novembre, Ken Lange                   ****
****                                                            ****
****                 Please cite our paper!                     ****
****   Information at www.genetics.ucla.edu/software/admixture  ****

Cross-validation will be performed.  Folds=5.
Parallel execution requested.  Will use 16 threads.
Random seed: 123
Point estimation method: Block relaxation algorithm
Convergence acceleration algorithm: QuasiNewton, 3 secant conditions
Point estimation will terminate when objective function delta < 0.0001
Estimation of standard errors disabled; will compute point estimates only.
Size of G: 184x412494
Performing five EM steps to prime main algorithm
1 (EM) 	Elapsed: 4.092	Loglikelihood: -4.90906e+07	(delta): 4.0054e+07
2 (EM) 	Elapsed: 3.932	Loglikelihood: -4.76423e+07	(delta): 1.44828e+06
3 (EM) 	Elapsed: 3.996	Loglikelihood: -4.72546e+07	(delta): 387725
4 (EM) 	Elapsed: 4.139	Loglikelihood: -4.70627e+07	(delta): 191853
5 (EM) 	Elapsed: 3.711	Loglikelihood: -4.69603e+07	(delta): 102372
Initial loglikelihood: -4.69603e+07
Starting main algorithm
1 (QN/Block) 	Elapsed: 9.106	Loglikelihood: -4.68265e+07	(delta): 133854
2 (QN/Block) 	Elapsed: 9.005	Loglikelihood: -4.68059e+07	(delta): 20556.4
3 (QN/Block) 	Elapsed: 9.429	Loglikelihood: -4.67911e+07	(delta): 14856
4 (QN/Block) 	Elapsed: 9.473	Loglikelihood: -4.67744e+07	(delta): 16620.3
5 (QN/Block) 	Elapsed: 9.475	Loglikelihood: -4.67537e+07	(delta): 20731.8
6 (QN/Block) 	Elapsed: 9.595	Loglikelihood: -4.6735e+07	(delta): 18710.1
7 (QN/Block) 	Elapsed: 9.454	Loglikelihood: -4.67253e+07	(delta): 9743.73
8 (QN/Block) 	Elapsed: 9.41	Loglikelihood: -4.67216e+07	(delta): 3662.68
9 (QN/Block) 	Elapsed: 9.222	Loglikelihood: -4.672e+07	(delta): 1578.02
10 (QN/Block) 	Elapsed: 9.25	Loglikelihood: -4.67184e+07	(delta): 1607.33
11 (QN/Block) 	Elapsed: 9.229	Loglikelihood: -4.67168e+07	(delta): 1591.45
12 (QN/Block) 	Elapsed: 9.134	Loglikelihood: -4.67161e+07	(delta): 730.8
13 (QN/Block) 	Elapsed: 9.17	Loglikelihood: -4.67158e+07	(delta): 236.65
14 (QN/Block) 	Elapsed: 9.147	Loglikelihood: -4.67154e+07	(delta): 481.688
15 (QN/Block) 	Elapsed: 9.174	Loglikelihood: -4.6715e+07	(delta): 395.272
16 (QN/Block) 	Elapsed: 9.163	Loglikelihood: -4.67146e+07	(delta): 368.266
17 (QN/Block) 	Elapsed: 9.2	Loglikelihood: -4.67145e+07	(delta): 131.143
18 (QN/Block) 	Elapsed: 9.229	Loglikelihood: -4.67142e+07	(delta): 310.037
19 (QN/Block) 	Elapsed: 9.281	Loglikelihood: -4.67139e+07	(delta): 244.145
20 (QN/Block) 	Elapsed: 9.295	Loglikelihood: -4.67137e+07	(delta): 190.228
21 (QN/Block) 	Elapsed: 9.149	Loglikelihood: -4.67137e+07	(delta): 63.5664
22 (QN/Block) 	Elapsed: 9.165	Loglikelihood: -4.67134e+07	(delta): 216.395
23 (QN/Block) 	Elapsed: 9.142	Loglikelihood: -4.67133e+07	(delta): 153.477
24 (QN/Block) 	Elapsed: 9.739	Loglikelihood: -4.67132e+07	(delta): 112.659
25 (QN/Block) 	Elapsed: 9.216	Loglikelihood: -4.67131e+07	(delta): 50.4855
26 (QN/Block) 	Elapsed: 9.336	Loglikelihood: -4.67131e+07	(delta): 38.1436
27 (QN/Block) 	Elapsed: 9.33	Loglikelihood: -4.6713e+07	(delta): 46.6698
28 (QN/Block) 	Elapsed: 9.333	Loglikelihood: -4.6713e+07	(delta): 76.2231
29 (QN/Block) 	Elapsed: 9.334	Loglikelihood: -4.67129e+07	(delta): 101.101
30 (QN/Block) 	Elapsed: 9.331	Loglikelihood: -4.67128e+07	(delta): 80.454
31 (QN/Block) 	Elapsed: 9.211	Loglikelihood: -4.67127e+07	(delta): 51.6568
32 (QN/Block) 	Elapsed: 9.215	Loglikelihood: -4.67127e+07	(delta): 43.7757
33 (QN/Block) 	Elapsed: 9.208	Loglikelihood: -4.67126e+07	(delta): 96.6803
34 (QN/Block) 	Elapsed: 9.208	Loglikelihood: -4.67125e+07	(delta): 108.338
35 (QN/Block) 	Elapsed: 9.212	Loglikelihood: -4.67124e+07	(delta): 65.278
36 (QN/Block) 	Elapsed: 9.207	Loglikelihood: -4.67124e+07	(delta): 23.7696
37 (QN/Block) 	Elapsed: 9.211	Loglikelihood: -4.67123e+07	(delta): 115.732
38 (QN/Block) 	Elapsed: 9.212	Loglikelihood: -4.67122e+07	(delta): 81.0013
39 (QN/Block) 	Elapsed: 9.74	Loglikelihood: -4.67121e+07	(delta): 52.8814
40 (QN/Block) 	Elapsed: 9.214	Loglikelihood: -4.67121e+07	(delta): 13.1226
41 (QN/Block) 	Elapsed: 9.201	Loglikelihood: -4.67121e+07	(delta): 63.1321
42 (QN/Block) 	Elapsed: 9.202	Loglikelihood: -4.6712e+07	(delta): 75.7798
43 (QN/Block) 	Elapsed: 9.203	Loglikelihood: -4.6712e+07	(delta): 32.0043
44 (QN/Block) 	Elapsed: 9.216	Loglikelihood: -4.6712e+07	(delta): 10.4943
45 (QN/Block) 	Elapsed: 9.188	Loglikelihood: -4.67119e+07	(delta): 17.9681
46 (QN/Block) 	Elapsed: 9.18	Loglikelihood: -4.67119e+07	(delta): 8.939
47 (QN/Block) 	Elapsed: 9.172	Loglikelihood: -4.67119e+07	(delta): 5.87683
48 (QN/Block) 	Elapsed: 9.209	Loglikelihood: -4.67119e+07	(delta): 3.93305
49 (QN/Block) 	Elapsed: 9.209	Loglikelihood: -4.67119e+07	(delta): 15.984
50 (QN/Block) 	Elapsed: 9.205	Loglikelihood: -4.67119e+07	(delta): 4.5572
51 (QN/Block) 	Elapsed: 9.223	Loglikelihood: -4.67119e+07	(delta): 18.0734
52 (QN/Block) 	Elapsed: 9.206	Loglikelihood: -4.67119e+07	(delta): 1.98084
53 (QN/Block) 	Elapsed: 9.207	Loglikelihood: -4.67119e+07	(delta): 8.11009
54 (QN/Block) 	Elapsed: 9.221	Loglikelihood: -4.67119e+07	(delta): 6.79102
55 (QN/Block) 	Elapsed: 9.222	Loglikelihood: -4.67119e+07	(delta): 4.12048
56 (QN/Block) 	Elapsed: 9.209	Loglikelihood: -4.67119e+07	(delta): 2.03424
57 (QN/Block) 	Elapsed: 9.177	Loglikelihood: -4.67118e+07	(delta): 7.44621
58 (QN/Block) 	Elapsed: 10.207	Loglikelihood: -4.67118e+07	(delta): 5.46959
59 (QN/Block) 	Elapsed: 9.227	Loglikelihood: -4.67118e+07	(delta): 3.77564
60 (QN/Block) 	Elapsed: 9.237	Loglikelihood: -4.67118e+07	(delta): 1.4309
61 (QN/Block) 	Elapsed: 9.235	Loglikelihood: -4.67118e+07	(delta): 2.88508
62 (QN/Block) 	Elapsed: 9.22	Loglikelihood: -4.67118e+07	(delta): 3.46565
63 (QN/Block) 	Elapsed: 9.219	Loglikelihood: -4.67118e+07	(delta): 3.90559
64 (QN/Block) 	Elapsed: 9.251	Loglikelihood: -4.67118e+07	(delta): 1.85116
65 (QN/Block) 	Elapsed: 9.229	Loglikelihood: -4.67118e+07	(delta): -1.56406
66 (QN/Block) 	Elapsed: 9.348	Loglikelihood: -4.67118e+07	(delta): 2.58096
67 (QN/Block) 	Elapsed: 9.298	Loglikelihood: -4.67118e+07	(delta): -0.239774
68 (QN/Block) 	Elapsed: 9.243	Loglikelihood: -4.67118e+07	(delta): 9.03612
69 (QN/Block) 	Elapsed: 9.229	Loglikelihood: -4.67118e+07	(delta): 1.9071
70 (QN/Block) 	Elapsed: 9.234	Loglikelihood: -4.67118e+07	(delta): 5.19991
71 (QN/Block) 	Elapsed: 9.225	Loglikelihood: -4.67118e+07	(delta): 3.54959
72 (QN/Block) 	Elapsed: 9.218	Loglikelihood: -4.67118e+07	(delta): 3.13757
73 (QN/Block) 	Elapsed: 9.226	Loglikelihood: -4.67118e+07	(delta): 0.506618
74 (QN/Block) 	Elapsed: 9.235	Loglikelihood: -4.67118e+07	(delta): 2.5262
75 (QN/Block) 	Elapsed: 9.23	Loglikelihood: -4.67118e+07	(delta): 1.94534
76 (QN/Block) 	Elapsed: 9.221	Loglikelihood: -4.67118e+07	(delta): 1.92574
77 (QN/Block) 	Elapsed: 9.219	Loglikelihood: -4.67118e+07	(delta): 0.550144
78 (QN/Block) 	Elapsed: 9.256	Loglikelihood: -4.67118e+07	(delta): 2.44361
79 (QN/Block) 	Elapsed: 9.249	Loglikelihood: -4.67118e+07	(delta): 2.04603
80 (QN/Block) 	Elapsed: 9.257	Loglikelihood: -4.67118e+07	(delta): 0.997517
81 (QN/Block) 	Elapsed: 9.239	Loglikelihood: -4.67118e+07	(delta): 0.660762
82 (QN/Block) 	Elapsed: 9.262	Loglikelihood: -4.67118e+07	(delta): 1.47216
83 (QN/Block) 	Elapsed: 9.261	Loglikelihood: -4.67118e+07	(delta): 2.93499
84 (QN/Block) 	Elapsed: 9.237	Loglikelihood: -4.67118e+07	(delta): 2.69976
85 (QN/Block) 	Elapsed: 9.26	Loglikelihood: -4.67118e+07	(delta): 0.66188
86 (QN/Block) 	Elapsed: 9.261	Loglikelihood: -4.67118e+07	(delta): 0.493879
87 (QN/Block) 	Elapsed: 9.229	Loglikelihood: -4.67118e+07	(delta): 1.62876
88 (QN/Block) 	Elapsed: 9.403	Loglikelihood: -4.67118e+07	(delta): 1.50279
89 (QN/Block) 	Elapsed: 9.077	Loglikelihood: -4.67118e+07	(delta): 1.44154
90 (QN/Block) 	Elapsed: 9.06	Loglikelihood: -4.67118e+07	(delta): 0.25639
91 (QN/Block) 	Elapsed: 9.09	Loglikelihood: -4.67118e+07	(delta): 2.72442
92 (QN/Block) 	Elapsed: 9.027	Loglikelihood: -4.67118e+07	(delta): 3.42046
93 (QN/Block) 	Elapsed: 9.145	Loglikelihood: -4.67118e+07	(delta): 0.715027
94 (QN/Block) 	Elapsed: 9.166	Loglikelihood: -4.67118e+07	(delta): 0.438749
95 (QN/Block) 	Elapsed: 9.188	Loglikelihood: -4.67118e+07	(delta): 1.23511
96 (QN/Block) 	Elapsed: 9.175	Loglikelihood: -4.67118e+07	(delta): 1.17883
97 (QN/Block) 	Elapsed: 9.188	Loglikelihood: -4.67118e+07	(delta): 1.14038
98 (QN/Block) 	Elapsed: 9.179	Loglikelihood: -4.67118e+07	(delta): 0.273044
99 (QN/Block) 	Elapsed: 10.053	Loglikelihood: -4.67118e+07	(delta): 1.56086
100 (QN/Block) 	Elapsed: 9.19	Loglikelihood: -4.67118e+07	(delta): 1.70075
101 (QN/Block) 	Elapsed: 9.151	Loglikelihood: -4.67118e+07	(delta): 0.574465
102 (QN/Block) 	Elapsed: 9.183	Loglikelihood: -4.67118e+07	(delta): 0.488791
103 (QN/Block) 	Elapsed: 9.178	Loglikelihood: -4.67118e+07	(delta): 0.71606
104 (QN/Block) 	Elapsed: 9.15	Loglikelihood: -4.67118e+07	(delta): 1.00287
105 (QN/Block) 	Elapsed: 9.178	Loglikelihood: -4.67118e+07	(delta): 0.884469
106 (QN/Block) 	Elapsed: 9.199	Loglikelihood: -4.67118e+07	(delta): 0.554852
107 (QN/Block) 	Elapsed: 9.164	Loglikelihood: -4.67118e+07	(delta): 0.18311
108 (QN/Block) 	Elapsed: 9.15	Loglikelihood: -4.67118e+07	(delta): 1.45251
109 (QN/Block) 	Elapsed: 9.158	Loglikelihood: -4.67118e+07	(delta): 1.00167
110 (QN/Block) 	Elapsed: 9.178	Loglikelihood: -4.67118e+07	(delta): 0.38503
111 (QN/Block) 	Elapsed: 9.167	Loglikelihood: -4.67118e+07	(delta): 0.166513
112 (QN/Block) 	Elapsed: 9.162	Loglikelihood: -4.67118e+07	(delta): 0.965933
113 (QN/Block) 	Elapsed: 9.185	Loglikelihood: -4.67118e+07	(delta): 0.801653
114 (QN/Block) 	Elapsed: 9.158	Loglikelihood: -4.67118e+07	(delta): 0.364733
115 (QN/Block) 	Elapsed: 9.179	Loglikelihood: -4.67118e+07	(delta): 0.551654
116 (QN/Block) 	Elapsed: 9.155	Loglikelihood: -4.67118e+07	(delta): 1.33362
117 (QN/Block) 	Elapsed: 9.16	Loglikelihood: -4.67117e+07	(delta): 0.822598
118 (QN/Block) 	Elapsed: 9.152	Loglikelihood: -4.67117e+07	(delta): 0.288876
119 (QN/Block) 	Elapsed: 9.155	Loglikelihood: -4.67117e+07	(delta): 0.299265
120 (QN/Block) 	Elapsed: 9.167	Loglikelihood: -4.67117e+07	(delta): 0.305125
121 (QN/Block) 	Elapsed: 9.149	Loglikelihood: -4.67117e+07	(delta): 0.230624
122 (QN/Block) 	Elapsed: 9.161	Loglikelihood: -4.67117e+07	(delta): 0.23771
123 (QN/Block) 	Elapsed: 9.146	Loglikelihood: -4.67117e+07	(delta): 0.336841
124 (QN/Block) 	Elapsed: 9.162	Loglikelihood: -4.67117e+07	(delta): 0.281164
125 (QN/Block) 	Elapsed: 9.173	Loglikelihood: -4.67117e+07	(delta): 0.273951
126 (QN/Block) 	Elapsed: 9.176	Loglikelihood: -4.67117e+07	(delta): 0.23758
127 (QN/Block) 	Elapsed: 9.683	Loglikelihood: -4.67117e+07	(delta): 0.0908423
128 (QN/Block) 	Elapsed: 9.162	Loglikelihood: -4.67117e+07	(delta): 3.58551
129 (QN/Block) 	Elapsed: 9.253	Loglikelihood: -4.67117e+07	(delta): 2.58289
130 (QN/Block) 	Elapsed: 9.31	Loglikelihood: -4.67117e+07	(delta): 0.336569
131 (QN/Block) 	Elapsed: 9.2	Loglikelihood: -4.67117e+07	(delta): 0.0684362
132 (QN/Block) 	Elapsed: 9.197	Loglikelihood: -4.67117e+07	(delta): 0.0392592
133 (QN/Block) 	Elapsed: 9.18	Loglikelihood: -4.67117e+07	(delta): 0.195675
134 (QN/Block) 	Elapsed: 9.169	Loglikelihood: -4.67117e+07	(delta): 0.791017
135 (QN/Block) 	Elapsed: 9.165	Loglikelihood: -4.67117e+07	(delta): 0.123258
136 (QN/Block) 	Elapsed: 9.173	Loglikelihood: -4.67117e+07	(delta): 0.019278
137 (QN/Block) 	Elapsed: 9.177	Loglikelihood: -4.67117e+07	(delta): 0.0199512
138 (QN/Block) 	Elapsed: 9.172	Loglikelihood: -4.67117e+07	(delta): 0.0240969
139 (QN/Block) 	Elapsed: 9.74	Loglikelihood: -4.67117e+07	(delta): 0.0333765
140 (QN/Block) 	Elapsed: 9.161	Loglikelihood: -4.67117e+07	(delta): 0.0652853
141 (QN/Block) 	Elapsed: 9.198	Loglikelihood: -4.67117e+07	(delta): 0.0598355
142 (QN/Block) 	Elapsed: 9.187	Loglikelihood: -4.67117e+07	(delta): 0.00399127
143 (QN/Block) 	Elapsed: 9.195	Loglikelihood: -4.67117e+07	(delta): 0.0111608
144 (QN/Block) 	Elapsed: 9.199	Loglikelihood: -4.67117e+07	(delta): 0.0375211
145 (QN/Block) 	Elapsed: 9.143	Loglikelihood: -4.67117e+07	(delta): 0.00220855
146 (QN/Block) 	Elapsed: 9.161	Loglikelihood: -4.67117e+07	(delta): 0.000173271
147 (QN/Block) 	Elapsed: 9.147	Loglikelihood: -4.67117e+07	(delta): 2.64719e-05
Summary: 
Converged in 147 iterations (1385.26 sec)
Loglikelihood: -46711739.270414
Fst divergences between estimated populations: 
	Pop0	
Pop0	
Pop1	0.066	
CV error (K=2): 0.52457
Writing output files.
****                   ADMIXTURE Version 1.3.0                  ****
****                    Copyright 2008-2015                     ****
****           David Alexander, Suyash Shringarpure,            ****
****                John  Novembre, Ken Lange                   ****
****                                                            ****
****                 Please cite our paper!                     ****
****   Information at www.genetics.ucla.edu/software/admixture  ****

Cross-validation will be performed.  Folds=5.
Parallel execution requested.  Will use 16 threads.
Random seed: 123
Point estimation method: Block relaxation algorithm
Convergence acceleration algorithm: QuasiNewton, 3 secant conditions
Point estimation will terminate when objective function delta < 0.0001
Estimation of standard errors disabled; will compute point estimates only.
Size of G: 184x412494
Performing five EM steps to prime main algorithm
1 (EM) 	Elapsed: 5.865	Loglikelihood: -4.95394e+07	(delta): 3.4459e+07
2 (EM) 	Elapsed: 5.8	Loglikelihood: -4.7886e+07	(delta): 1.6534e+06
3 (EM) 	Elapsed: 5.749	Loglikelihood: -4.73933e+07	(delta): 492725
4 (EM) 	Elapsed: 5.801	Loglikelihood: -4.71193e+07	(delta): 273975
5 (EM) 	Elapsed: 5.791	Loglikelihood: -4.69482e+07	(delta): 171123
Initial loglikelihood: -4.69482e+07
Starting main algorithm
1 (QN/Block) 	Elapsed: 10.25	Loglikelihood: -4.6592e+07	(delta): 356210
2 (QN/Block) 	Elapsed: 10.274	Loglikelihood: -4.6563e+07	(delta): 28962.3
3 (QN/Block) 	Elapsed: 10.571	Loglikelihood: -4.65393e+07	(delta): 23718.9
4 (QN/Block) 	Elapsed: 10.534	Loglikelihood: -4.64991e+07	(delta): 40227.2
5 (QN/Block) 	Elapsed: 10.518	Loglikelihood: -4.64628e+07	(delta): 36297.5
6 (QN/Block) 	Elapsed: 10.583	Loglikelihood: -4.64396e+07	(delta): 23177.3
7 (QN/Block) 	Elapsed: 10.435	Loglikelihood: -4.64266e+07	(delta): 12993.3
8 (QN/Block) 	Elapsed: 10.38	Loglikelihood: -4.64179e+07	(delta): 8714.92
9 (QN/Block) 	Elapsed: 10.449	Loglikelihood: -4.6411e+07	(delta): 6869.9
10 (QN/Block) 	Elapsed: 10.436	Loglikelihood: -4.64059e+07	(delta): 5174.55
11 (QN/Block) 	Elapsed: 10.405	Loglikelihood: -4.64023e+07	(delta): 3534.45
12 (QN/Block) 	Elapsed: 10.443	Loglikelihood: -4.63988e+07	(delta): 3498.76
13 (QN/Block) 	Elapsed: 10.458	Loglikelihood: -4.63968e+07	(delta): 1993.15
14 (QN/Block) 	Elapsed: 10.425	Loglikelihood: -4.63941e+07	(delta): 2698.48
15 (QN/Block) 	Elapsed: 10.374	Loglikelihood: -4.63898e+07	(delta): 4377.78
16 (QN/Block) 	Elapsed: 10.842	Loglikelihood: -4.63857e+07	(delta): 4024.72
17 (QN/Block) 	Elapsed: 10.457	Loglikelihood: -4.63821e+07	(delta): 3594.62
18 (QN/Block) 	Elapsed: 10.482	Loglikelihood: -4.63792e+07	(delta): 2923.95
19 (QN/Block) 	Elapsed: 11.365	Loglikelihood: -4.6375e+07	(delta): 4211.95
20 (QN/Block) 	Elapsed: 10.562	Loglikelihood: -4.63704e+07	(delta): 4568.47
21 (QN/Block) 	Elapsed: 10.372	Loglikelihood: -4.63669e+07	(delta): 3530.77
22 (QN/Block) 	Elapsed: 10.477	Loglikelihood: -4.6364e+07	(delta): 2884.42
23 (QN/Block) 	Elapsed: 10.438	Loglikelihood: -4.63625e+07	(delta): 1494.82
24 (QN/Block) 	Elapsed: 10.361	Loglikelihood: -4.63609e+07	(delta): 1606.34
25 (QN/Block) 	Elapsed: 10.328	Loglikelihood: -4.63598e+07	(delta): 1140.43
26 (QN/Block) 	Elapsed: 10.352	Loglikelihood: -4.63585e+07	(delta): 1253.32
27 (QN/Block) 	Elapsed: 10.385	Loglikelihood: -4.63569e+07	(delta): 1636.42
28 (QN/Block) 	Elapsed: 10.413	Loglikelihood: -4.63564e+07	(delta): 435.994
29 (QN/Block) 	Elapsed: 10.397	Loglikelihood: -4.63562e+07	(delta): 201.134
30 (QN/Block) 	Elapsed: 10.372	Loglikelihood: -4.63561e+07	(delta): 192.414
31 (QN/Block) 	Elapsed: 10.391	Loglikelihood: -4.63559e+07	(delta): 120.776
32 (QN/Block) 	Elapsed: 10.4	Loglikelihood: -4.63558e+07	(delta): 109.859
33 (QN/Block) 	Elapsed: 10.361	Loglikelihood: -4.63557e+07	(delta): 93.2676
34 (QN/Block) 	Elapsed: 10.362	Loglikelihood: -4.63556e+07	(delta): 93.3877
35 (QN/Block) 	Elapsed: 10.437	Loglikelihood: -4.63555e+07	(delta): 93.5454
36 (QN/Block) 	Elapsed: 10.391	Loglikelihood: -4.63554e+07	(delta): 97.614
37 (QN/Block) 	Elapsed: 10.425	Loglikelihood: -4.63553e+07	(delta): 146.562
38 (QN/Block) 	Elapsed: 10.382	Loglikelihood: -4.63549e+07	(delta): 411.289
39 (QN/Block) 	Elapsed: 10.421	Loglikelihood: -4.63547e+07	(delta): 210.916
40 (QN/Block) 	Elapsed: 10.474	Loglikelihood: -4.63547e+07	(delta): 21.2291
41 (QN/Block) 	Elapsed: 10.382	Loglikelihood: -4.63546e+07	(delta): 20.0972
42 (QN/Block) 	Elapsed: 10.385	Loglikelihood: -4.63546e+07	(delta): 16.2986
43 (QN/Block) 	Elapsed: 10.423	Loglikelihood: -4.63546e+07	(delta): 11.1006
44 (QN/Block) 	Elapsed: 10.355	Loglikelihood: -4.63546e+07	(delta): 8.15635
45 (QN/Block) 	Elapsed: 10.421	Loglikelihood: -4.63546e+07	(delta): 6.47076
46 (QN/Block) 	Elapsed: 11.018	Loglikelihood: -4.63546e+07	(delta): 10.9792
47 (QN/Block) 	Elapsed: 10.394	Loglikelihood: -4.63546e+07	(delta): 5.08345
48 (QN/Block) 	Elapsed: 10.453	Loglikelihood: -4.63546e+07	(delta): 4.12621
49 (QN/Block) 	Elapsed: 10.44	Loglikelihood: -4.63546e+07	(delta): 4.26014
50 (QN/Block) 	Elapsed: 10.49	Loglikelihood: -4.63546e+07	(delta): 3.41106
51 (QN/Block) 	Elapsed: 10.456	Loglikelihood: -4.63546e+07	(delta): 2.97428
52 (QN/Block) 	Elapsed: 10.405	Loglikelihood: -4.63546e+07	(delta): 2.18178
53 (QN/Block) 	Elapsed: 10.358	Loglikelihood: -4.63546e+07	(delta): 3.40329
54 (QN/Block) 	Elapsed: 10.379	Loglikelihood: -4.63546e+07	(delta): 2.50168
55 (QN/Block) 	Elapsed: 10.38	Loglikelihood: -4.63545e+07	(delta): 1.69143
56 (QN/Block) 	Elapsed: 10.404	Loglikelihood: -4.63545e+07	(delta): 2.02496
57 (QN/Block) 	Elapsed: 10.479	Loglikelihood: -4.63545e+07	(delta): 2.3158
58 (QN/Block) 	Elapsed: 10.392	Loglikelihood: -4.63545e+07	(delta): 0.978042
59 (QN/Block) 	Elapsed: 10.455	Loglikelihood: -4.63545e+07	(delta): 1.9099
60 (QN/Block) 	Elapsed: 10.578	Loglikelihood: -4.63545e+07	(delta): 1.03865
61 (QN/Block) 	Elapsed: 10.441	Loglikelihood: -4.63545e+07	(delta): 1.32757
62 (QN/Block) 	Elapsed: 10.389	Loglikelihood: -4.63545e+07	(delta): 1.33125
63 (QN/Block) 	Elapsed: 10.339	Loglikelihood: -4.63545e+07	(delta): 3.03444
64 (QN/Block) 	Elapsed: 10.363	Loglikelihood: -4.63545e+07	(delta): 1.28919
65 (QN/Block) 	Elapsed: 10.343	Loglikelihood: -4.63545e+07	(delta): 1.41489
66 (QN/Block) 	Elapsed: 10.419	Loglikelihood: -4.63545e+07	(delta): 0.999889
67 (QN/Block) 	Elapsed: 10.408	Loglikelihood: -4.63545e+07	(delta): 3.75738
68 (QN/Block) 	Elapsed: 10.383	Loglikelihood: -4.63545e+07	(delta): 1.97008
69 (QN/Block) 	Elapsed: 10.388	Loglikelihood: -4.63545e+07	(delta): 1.97457
70 (QN/Block) 	Elapsed: 10.466	Loglikelihood: -4.63545e+07	(delta): 0.516695
71 (QN/Block) 	Elapsed: 10.349	Loglikelihood: -4.63545e+07	(delta): 1.87303
72 (QN/Block) 	Elapsed: 10.417	Loglikelihood: -4.63545e+07	(delta): 1.45847
73 (QN/Block) 	Elapsed: 10.366	Loglikelihood: -4.63545e+07	(delta): 1.54996
74 (QN/Block) 	Elapsed: 10.439	Loglikelihood: -4.63545e+07	(delta): 0.454784
75 (QN/Block) 	Elapsed: 10.462	Loglikelihood: -4.63545e+07	(delta): 1.77428
76 (QN/Block) 	Elapsed: 10.466	Loglikelihood: -4.63545e+07	(delta): 1.2248
77 (QN/Block) 	Elapsed: 10.424	Loglikelihood: -4.63545e+07	(delta): 1.09453
78 (QN/Block) 	Elapsed: 10.43	Loglikelihood: -4.63545e+07	(delta): 0.199991
79 (QN/Block) 	Elapsed: 10.413	Loglikelihood: -4.63545e+07	(delta): 1.12203
80 (QN/Block) 	Elapsed: 10.359	Loglikelihood: -4.63545e+07	(delta): 0.352964
81 (QN/Block) 	Elapsed: 10.433	Loglikelihood: -4.63545e+07	(delta): 0.363092
82 (QN/Block) 	Elapsed: 10.418	Loglikelihood: -4.63545e+07	(delta): 0.155811
83 (QN/Block) 	Elapsed: 10.447	Loglikelihood: -4.63545e+07	(delta): 1.74961
84 (QN/Block) 	Elapsed: 10.371	Loglikelihood: -4.63545e+07	(delta): 0.773363
85 (QN/Block) 	Elapsed: 10.335	Loglikelihood: -4.63545e+07	(delta): 0.629925
86 (QN/Block) 	Elapsed: 10.47	Loglikelihood: -4.63545e+07	(delta): 0.274482
87 (QN/Block) 	Elapsed: 10.433	Loglikelihood: -4.63545e+07	(delta): 0.0523351
88 (QN/Block) 	Elapsed: 10.522	Loglikelihood: -4.63545e+07	(delta): 0.0844609
89 (QN/Block) 	Elapsed: 10.462	Loglikelihood: -4.63545e+07	(delta): 0.269359
90 (QN/Block) 	Elapsed: 10.411	Loglikelihood: -4.63545e+07	(delta): 0.112216
91 (QN/Block) 	Elapsed: 10.392	Loglikelihood: -4.63545e+07	(delta): 0.109738
92 (QN/Block) 	Elapsed: 10.446	Loglikelihood: -4.63545e+07	(delta): 0.0357122
93 (QN/Block) 	Elapsed: 10.447	Loglikelihood: -4.63545e+07	(delta): 0.16464
94 (QN/Block) 	Elapsed: 10.343	Loglikelihood: -4.63545e+07	(delta): 0.123587
95 (QN/Block) 	Elapsed: 10.419	Loglikelihood: -4.63545e+07	(delta): 0.0949326
96 (QN/Block) 	Elapsed: 10.359	Loglikelihood: -4.63545e+07	(delta): 0.0196505
97 (QN/Block) 	Elapsed: 10.343	Loglikelihood: -4.63545e+07	(delta): 0.0579055
98 (QN/Block) 	Elapsed: 10.303	Loglikelihood: -4.63545e+07	(delta): 0.0831976
99 (QN/Block) 	Elapsed: 10.45	Loglikelihood: -4.63545e+07	(delta): 0.0423836
100 (QN/Block) 	Elapsed: 10.439	Loglikelihood: -4.63545e+07	(delta): 0.0104183
101 (QN/Block) 	Elapsed: 10.319	Loglikelihood: -4.63545e+07	(delta): 0.0249843
102 (QN/Block) 	Elapsed: 10.402	Loglikelihood: -4.63545e+07	(delta): 0.0602377
103 (QN/Block) 	Elapsed: 10.378	Loglikelihood: -4.63545e+07	(delta): 0.0396191
104 (QN/Block) 	Elapsed: 10.41	Loglikelihood: -4.63545e+07	(delta): 0.0125714
105 (QN/Block) 	Elapsed: 10.398	Loglikelihood: -4.63545e+07	(delta): 0.00664019
106 (QN/Block) 	Elapsed: 10.38	Loglikelihood: -4.63545e+07	(delta): 0.0124879
107 (QN/Block) 	Elapsed: 10.386	Loglikelihood: -4.63545e+07	(delta): 0.0127188
108 (QN/Block) 	Elapsed: 10.379	Loglikelihood: -4.63545e+07	(delta): 0.00676403
109 (QN/Block) 	Elapsed: 10.451	Loglikelihood: -4.63545e+07	(delta): 0.00745535
110 (QN/Block) 	Elapsed: 10.453	Loglikelihood: -4.63545e+07	(delta): 0.00213591
111 (QN/Block) 	Elapsed: 10.42	Loglikelihood: -4.63545e+07	(delta): 0.0117027
112 (QN/Block) 	Elapsed: 10.395	Loglikelihood: -4.63545e+07	(delta): 0.00797888
113 (QN/Block) 	Elapsed: 10.437	Loglikelihood: -4.63545e+07	(delta): 0.00811835
114 (QN/Block) 	Elapsed: 10.468	Loglikelihood: -4.63545e+07	(delta): 0.000860222
115 (QN/Block) 	Elapsed: 10.43	Loglikelihood: -4.63545e+07	(delta): 0.00408294
116 (QN/Block) 	Elapsed: 10.447	Loglikelihood: -4.63545e+07	(delta): 0.00377975
117 (QN/Block) 	Elapsed: 10.471	Loglikelihood: -4.63545e+07	(delta): 0.00454706
118 (QN/Block) 	Elapsed: 10.452	Loglikelihood: -4.63545e+07	(delta): 0.000643924
119 (QN/Block) 	Elapsed: 10.38	Loglikelihood: -4.63545e+07	(delta): 0.000956155
120 (QN/Block) 	Elapsed: 10.448	Loglikelihood: -4.63545e+07	(delta): 0.001436
121 (QN/Block) 	Elapsed: 10.405	Loglikelihood: -4.63545e+07	(delta): 0.00254603
122 (QN/Block) 	Elapsed: 10.409	Loglikelihood: -4.63545e+07	(delta): 0.00045687
123 (QN/Block) 	Elapsed: 10.413	Loglikelihood: -4.63545e+07	(delta): 0.00057441
124 (QN/Block) 	Elapsed: 10.569	Loglikelihood: -4.63545e+07	(delta): 0.000569023
125 (QN/Block) 	Elapsed: 10.455	Loglikelihood: -4.63545e+07	(delta): 0.00170296
126 (QN/Block) 	Elapsed: 10.465	Loglikelihood: -4.63545e+07	(delta): 0.000313438
127 (QN/Block) 	Elapsed: 10.354	Loglikelihood: -4.63545e+07	(delta): 0.000178322
128 (QN/Block) 	Elapsed: 10.448	Loglikelihood: -4.63545e+07	(delta): 0.000198409
129 (QN/Block) 	Elapsed: 10.308	Loglikelihood: -4.63545e+07	(delta): 0.000395909
130 (QN/Block) 	Elapsed: 10.336	Loglikelihood: -4.63545e+07	(delta): 0.000191569
131 (QN/Block) 	Elapsed: 10.395	Loglikelihood: -4.63545e+07	(delta): 0.000148699
132 (QN/Block) 	Elapsed: 10.444	Loglikelihood: -4.63545e+07	(delta): 0.000477485
133 (QN/Block) 	Elapsed: 10.501	Loglikelihood: -4.63545e+07	(delta): 3.85121e-05
Summary: 
Converged in 133 iterations (1422.24 sec)
Loglikelihood: -46354507.170591
Fst divergences between estimated populations: 
	Pop0	Pop1	
Pop0	
Pop1	0.203	
Pop2	0.184	0.072	
CV error (K=3): 0.55992
Writing output files.
****                   ADMIXTURE Version 1.3.0                  ****
****                    Copyright 2008-2015                     ****
****           David Alexander, Suyash Shringarpure,            ****
****                John  Novembre, Ken Lange                   ****
****                                                            ****
****                 Please cite our paper!                     ****
****   Information at www.genetics.ucla.edu/software/admixture  ****

Cross-validation will be performed.  Folds=5.
Parallel execution requested.  Will use 16 threads.
Random seed: 123
Point estimation method: Block relaxation algorithm
Convergence acceleration algorithm: QuasiNewton, 3 secant conditions
Point estimation will terminate when objective function delta < 0.0001
Estimation of standard errors disabled; will compute point estimates only.
Size of G: 184x412494
Performing five EM steps to prime main algorithm
1 (EM) 	Elapsed: 13.051	Loglikelihood: -4.95943e+07	(delta): 3.14479e+07
2 (EM) 	Elapsed: 12.382	Loglikelihood: -4.79194e+07	(delta): 1.67492e+06
3 (EM) 	Elapsed: 12.4	Loglikelihood: -4.74279e+07	(delta): 491483
4 (EM) 	Elapsed: 12.577	Loglikelihood: -4.71398e+07	(delta): 288092
5 (EM) 	Elapsed: 12.264	Loglikelihood: -4.69452e+07	(delta): 194579
Initial loglikelihood: -4.69452e+07
Starting main algorithm
1 (QN/Block) 	Elapsed: 12.172	Loglikelihood: -4.63657e+07	(delta): 579512
2 (QN/Block) 	Elapsed: 12.147	Loglikelihood: -4.63259e+07	(delta): 39837.9
3 (QN/Block) 	Elapsed: 12.558	Loglikelihood: -4.62875e+07	(delta): 38386.4
4 (QN/Block) 	Elapsed: 12.517	Loglikelihood: -4.62483e+07	(delta): 39163.2
5 (QN/Block) 	Elapsed: 12.44	Loglikelihood: -4.62088e+07	(delta): 39476
6 (QN/Block) 	Elapsed: 12.596	Loglikelihood: -4.61845e+07	(delta): 24345.6
7 (QN/Block) 	Elapsed: 12.329	Loglikelihood: -4.61615e+07	(delta): 23030.3
8 (QN/Block) 	Elapsed: 12.342	Loglikelihood: -4.61466e+07	(delta): 14882.4
9 (QN/Block) 	Elapsed: 12.404	Loglikelihood: -4.61294e+07	(delta): 17185.9
10 (QN/Block) 	Elapsed: 12.416	Loglikelihood: -4.61194e+07	(delta): 10022.3
11 (QN/Block) 	Elapsed: 12.467	Loglikelihood: -4.61115e+07	(delta): 7842.41
12 (QN/Block) 	Elapsed: 12.417	Loglikelihood: -4.61078e+07	(delta): 3734.68
13 (QN/Block) 	Elapsed: 12.407	Loglikelihood: -4.61062e+07	(delta): 1571.56
14 (QN/Block) 	Elapsed: 12.358	Loglikelihood: -4.61048e+07	(delta): 1417.55
15 (QN/Block) 	Elapsed: 12.403	Loglikelihood: -4.61036e+07	(delta): 1160.87
16 (QN/Block) 	Elapsed: 12.341	Loglikelihood: -4.61026e+07	(delta): 1071.84
17 (QN/Block) 	Elapsed: 12.453	Loglikelihood: -4.61019e+07	(delta): 699.701
18 (QN/Block) 	Elapsed: 12.411	Loglikelihood: -4.61012e+07	(delta): 642.287
19 (QN/Block) 	Elapsed: 12.438	Loglikelihood: -4.61008e+07	(delta): 394.007
20 (QN/Block) 	Elapsed: 12.35	Loglikelihood: -4.61001e+07	(delta): 755.369
21 (QN/Block) 	Elapsed: 12.411	Loglikelihood: -4.60997e+07	(delta): 427.226
22 (QN/Block) 	Elapsed: 12.361	Loglikelihood: -4.60994e+07	(delta): 271.328
23 (QN/Block) 	Elapsed: 12.374	Loglikelihood: -4.60993e+07	(delta): 100.091
24 (QN/Block) 	Elapsed: 12.378	Loglikelihood: -4.60988e+07	(delta): 442.261
25 (QN/Block) 	Elapsed: 12.321	Loglikelihood: -4.60987e+07	(delta): 185.334
26 (QN/Block) 	Elapsed: 12.325	Loglikelihood: -4.60986e+07	(delta): 106.226
27 (QN/Block) 	Elapsed: 12.268	Loglikelihood: -4.60985e+07	(delta): 39.1879
28 (QN/Block) 	Elapsed: 12.375	Loglikelihood: -4.60984e+07	(delta): 110.88
29 (QN/Block) 	Elapsed: 12.423	Loglikelihood: -4.60983e+07	(delta): 62.9138
30 (QN/Block) 	Elapsed: 12.334	Loglikelihood: -4.60983e+07	(delta): 57.8374
31 (QN/Block) 	Elapsed: 12.287	Loglikelihood: -4.60982e+07	(delta): 35.1677
32 (QN/Block) 	Elapsed: 12.53	Loglikelihood: -4.60982e+07	(delta): 30.8889
33 (QN/Block) 	Elapsed: 12.533	Loglikelihood: -4.60982e+07	(delta): 40.8715
34 (QN/Block) 	Elapsed: 12.415	Loglikelihood: -4.60981e+07	(delta): 27.0047
35 (QN/Block) 	Elapsed: 12.461	Loglikelihood: -4.60981e+07	(delta): 9.9824
36 (QN/Block) 	Elapsed: 12.467	Loglikelihood: -4.60981e+07	(delta): 14.1244
37 (QN/Block) 	Elapsed: 12.325	Loglikelihood: -4.60981e+07	(delta): 15.4042
38 (QN/Block) 	Elapsed: 12.35	Loglikelihood: -4.60981e+07	(delta): 14.7366
39 (QN/Block) 	Elapsed: 12.377	Loglikelihood: -4.60981e+07	(delta): 13.0958
40 (QN/Block) 	Elapsed: 12.382	Loglikelihood: -4.60981e+07	(delta): 13.506
41 (QN/Block) 	Elapsed: 12.419	Loglikelihood: -4.60981e+07	(delta): 8.09205
42 (QN/Block) 	Elapsed: 12.405	Loglikelihood: -4.6098e+07	(delta): 14.108
43 (QN/Block) 	Elapsed: 12.517	Loglikelihood: -4.6098e+07	(delta): 8.00143
44 (QN/Block) 	Elapsed: 12.454	Loglikelihood: -4.6098e+07	(delta): 9.06616
45 (QN/Block) 	Elapsed: 12.507	Loglikelihood: -4.6098e+07	(delta): 3.83775
46 (QN/Block) 	Elapsed: 12.426	Loglikelihood: -4.6098e+07	(delta): 7.56117
47 (QN/Block) 	Elapsed: 12.421	Loglikelihood: -4.6098e+07	(delta): 5.22189
48 (QN/Block) 	Elapsed: 12.491	Loglikelihood: -4.6098e+07	(delta): 3.01421
49 (QN/Block) 	Elapsed: 12.467	Loglikelihood: -4.6098e+07	(delta): 1.72456
50 (QN/Block) 	Elapsed: 12.442	Loglikelihood: -4.6098e+07	(delta): 15.9362
51 (QN/Block) 	Elapsed: 12.416	Loglikelihood: -4.6098e+07	(delta): 5.7861
52 (QN/Block) 	Elapsed: 12.415	Loglikelihood: -4.6098e+07	(delta): 2.1403
53 (QN/Block) 	Elapsed: 12.384	Loglikelihood: -4.6098e+07	(delta): 0.565065
54 (QN/Block) 	Elapsed: 12.55	Loglikelihood: -4.6098e+07	(delta): 1.19029
55 (QN/Block) 	Elapsed: 12.409	Loglikelihood: -4.6098e+07	(delta): 1.13398
56 (QN/Block) 	Elapsed: 12.393	Loglikelihood: -4.6098e+07	(delta): -0.734411
57 (QN/Block) 	Elapsed: 12.368	Loglikelihood: -4.6098e+07	(delta): 2.40947
58 (QN/Block) 	Elapsed: 12.478	Loglikelihood: -4.6098e+07	(delta): 0.311314
59 (QN/Block) 	Elapsed: 12.438	Loglikelihood: -4.6098e+07	(delta): 0.301774
60 (QN/Block) 	Elapsed: 12.363	Loglikelihood: -4.6098e+07	(delta): 0.330359
61 (QN/Block) 	Elapsed: 12.517	Loglikelihood: -4.6098e+07	(delta): 1.51631
62 (QN/Block) 	Elapsed: 12.436	Loglikelihood: -4.6098e+07	(delta): 1.52533
63 (QN/Block) 	Elapsed: 12.423	Loglikelihood: -4.6098e+07	(delta): 0.319823
64 (QN/Block) 	Elapsed: 12.378	Loglikelihood: -4.6098e+07	(delta): 0.037222
65 (QN/Block) 	Elapsed: 12.404	Loglikelihood: -4.6098e+07	(delta): 0.00980097
66 (QN/Block) 	Elapsed: 12.362	Loglikelihood: -4.6098e+07	(delta): 0.00433028
67 (QN/Block) 	Elapsed: 12.416	Loglikelihood: -4.6098e+07	(delta): 0.0316287
68 (QN/Block) 	Elapsed: 12.381	Loglikelihood: -4.6098e+07	(delta): 0.0248147
69 (QN/Block) 	Elapsed: 12.38	Loglikelihood: -4.6098e+07	(delta): 0.00477783
70 (QN/Block) 	Elapsed: 12.403	Loglikelihood: -4.6098e+07	(delta): 0.00455027
71 (QN/Block) 	Elapsed: 12.307	Loglikelihood: -4.6098e+07	(delta): 0.00832893
72 (QN/Block) 	Elapsed: 12.365	Loglikelihood: -4.6098e+07	(delta): 0.00975653
73 (QN/Block) 	Elapsed: 12.317	Loglikelihood: -4.6098e+07	(delta): 0.00340541
74 (QN/Block) 	Elapsed: 12.358	Loglikelihood: -4.6098e+07	(delta): 0.00124695
75 (QN/Block) 	Elapsed: 12.401	Loglikelihood: -4.6098e+07	(delta): 0.00101242
76 (QN/Block) 	Elapsed: 12.355	Loglikelihood: -4.6098e+07	(delta): 0.00306099
77 (QN/Block) 	Elapsed: 12.39	Loglikelihood: -4.6098e+07	(delta): 0.00200536
78 (QN/Block) 	Elapsed: 12.383	Loglikelihood: -4.6098e+07	(delta): 0.00123823
79 (QN/Block) 	Elapsed: 12.372	Loglikelihood: -4.6098e+07	(delta): 0.000298738
80 (QN/Block) 	Elapsed: 12.522	Loglikelihood: -4.6098e+07	(delta): 0.0011906
81 (QN/Block) 	Elapsed: 12.427	Loglikelihood: -4.6098e+07	(delta): 0.001028
82 (QN/Block) 	Elapsed: 12.39	Loglikelihood: -4.6098e+07	(delta): 0.00022351
83 (QN/Block) 	Elapsed: 12.432	Loglikelihood: -4.6098e+07	(delta): 0.000117823
84 (QN/Block) 	Elapsed: 12.421	Loglikelihood: -4.6098e+07	(delta): 0.000100471
85 (QN/Block) 	Elapsed: 12.511	Loglikelihood: -4.6098e+07	(delta): 5.804e-05
Summary: 
Converged in 85 iterations (1121.63 sec)
Loglikelihood: -46097972.998551
Fst divergences between estimated populations: 
	Pop0	Pop1	Pop2	
Pop0	
Pop1	0.078	
Pop2	0.101	0.134	
Pop3	0.122	0.155	0.186	
CV error (K=4): 0.59165
Writing output files.
****                   ADMIXTURE Version 1.3.0                  ****
****                    Copyright 2008-2015                     ****
****           David Alexander, Suyash Shringarpure,            ****
****                John  Novembre, Ken Lange                   ****
****                                                            ****
****                 Please cite our paper!                     ****
****   Information at www.genetics.ucla.edu/software/admixture  ****

Cross-validation will be performed.  Folds=5.
Parallel execution requested.  Will use 16 threads.
Random seed: 123
Point estimation method: Block relaxation algorithm
Convergence acceleration algorithm: QuasiNewton, 3 secant conditions
Point estimation will terminate when objective function delta < 0.0001
Estimation of standard errors disabled; will compute point estimates only.
Size of G: 184x412494
Performing five EM steps to prime main algorithm
1 (EM) 	Elapsed: 7.966	Loglikelihood: -4.95428e+07	(delta): 2.95902e+07
2 (EM) 	Elapsed: 7.364	Loglikelihood: -4.78911e+07	(delta): 1.65175e+06
3 (EM) 	Elapsed: 7.558	Loglikelihood: -4.74365e+07	(delta): 454574
4 (EM) 	Elapsed: 7.508	Loglikelihood: -4.71606e+07	(delta): 275896
5 (EM) 	Elapsed: 7.617	Loglikelihood: -4.6963e+07	(delta): 197668
Initial loglikelihood: -4.6963e+07
Starting main algorithm
1 (QN/Block) 	Elapsed: 16.689	Loglikelihood: -4.61987e+07	(delta): 764268
2 (QN/Block) 	Elapsed: 16.66	Loglikelihood: -4.61284e+07	(delta): 70240.2
3 (QN/Block) 	Elapsed: 17.217	Loglikelihood: -4.60464e+07	(delta): 82065.9
4 (QN/Block) 	Elapsed: 17.216	Loglikelihood: -4.59997e+07	(delta): 46653.3
5 (QN/Block) 	Elapsed: 17.289	Loglikelihood: -4.59749e+07	(delta): 24801.6
6 (QN/Block) 	Elapsed: 17.099	Loglikelihood: -4.59504e+07	(delta): 24503.1
7 (QN/Block) 	Elapsed: 17.254	Loglikelihood: -4.59274e+07	(delta): 23027.9
8 (QN/Block) 	Elapsed: 17.114	Loglikelihood: -4.59104e+07	(delta): 17001.7
9 (QN/Block) 	Elapsed: 17.168	Loglikelihood: -4.58956e+07	(delta): 14766.6
10 (QN/Block) 	Elapsed: 17.208	Loglikelihood: -4.58881e+07	(delta): 7487.83
11 (QN/Block) 	Elapsed: 17.249	Loglikelihood: -4.58782e+07	(delta): 9944.48
12 (QN/Block) 	Elapsed: 17.284	Loglikelihood: -4.58711e+07	(delta): 7068.58
13 (QN/Block) 	Elapsed: 17.149	Loglikelihood: -4.58665e+07	(delta): 4586.23
14 (QN/Block) 	Elapsed: 17.071	Loglikelihood: -4.58618e+07	(delta): 4741.99
15 (QN/Block) 	Elapsed: 17.099	Loglikelihood: -4.58582e+07	(delta): 3602.42
16 (QN/Block) 	Elapsed: 17.195	Loglikelihood: -4.58558e+07	(delta): 2417.1
17 (QN/Block) 	Elapsed: 17.085	Loglikelihood: -4.58534e+07	(delta): 2337.35
18 (QN/Block) 	Elapsed: 17.063	Loglikelihood: -4.58511e+07	(delta): 2325.13
19 (QN/Block) 	Elapsed: 17.129	Loglikelihood: -4.58466e+07	(delta): 4488.65
20 (QN/Block) 	Elapsed: 17.091	Loglikelihood: -4.58433e+07	(delta): 3364.1
21 (QN/Block) 	Elapsed: 17.103	Loglikelihood: -4.58399e+07	(delta): 3318.84
22 (QN/Block) 	Elapsed: 17.048	Loglikelihood: -4.58372e+07	(delta): 2711.99
23 (QN/Block) 	Elapsed: 17.044	Loglikelihood: -4.58348e+07	(delta): 2477.75
24 (QN/Block) 	Elapsed: 17.138	Loglikelihood: -4.58333e+07	(delta): 1431.2
25 (QN/Block) 	Elapsed: 17.085	Loglikelihood: -4.58325e+07	(delta): 770.797
26 (QN/Block) 	Elapsed: 17.162	Loglikelihood: -4.58318e+07	(delta): 715.401
27 (QN/Block) 	Elapsed: 17.019	Loglikelihood: -4.58312e+07	(delta): 595.026
28 (QN/Block) 	Elapsed: 17.112	Loglikelihood: -4.58307e+07	(delta): 523.955
29 (QN/Block) 	Elapsed: 17.112	Loglikelihood: -4.58303e+07	(delta): 384.311
30 (QN/Block) 	Elapsed: 17.178	Loglikelihood: -4.58299e+07	(delta): 405.796
31 (QN/Block) 	Elapsed: 17.137	Loglikelihood: -4.58294e+07	(delta): 493.621
32 (QN/Block) 	Elapsed: 17.115	Loglikelihood: -4.58289e+07	(delta): 530.128
33 (QN/Block) 	Elapsed: 16.989	Loglikelihood: -4.58284e+07	(delta): 527.707
34 (QN/Block) 	Elapsed: 16.921	Loglikelihood: -4.58281e+07	(delta): 251.296
35 (QN/Block) 	Elapsed: 16.937	Loglikelihood: -4.58276e+07	(delta): 478.681
36 (QN/Block) 	Elapsed: 16.913	Loglikelihood: -4.58273e+07	(delta): 354.299
37 (QN/Block) 	Elapsed: 16.814	Loglikelihood: -4.58272e+07	(delta): 124.839
38 (QN/Block) 	Elapsed: 16.929	Loglikelihood: -4.58271e+07	(delta): 109.178
39 (QN/Block) 	Elapsed: 17.014	Loglikelihood: -4.58269e+07	(delta): 162.434
40 (QN/Block) 	Elapsed: 17.126	Loglikelihood: -4.58268e+07	(delta): 126.716
41 (QN/Block) 	Elapsed: 16.982	Loglikelihood: -4.58267e+07	(delta): 104.349
42 (QN/Block) 	Elapsed: 17.084	Loglikelihood: -4.58266e+07	(delta): 63.6147
43 (QN/Block) 	Elapsed: 16.975	Loglikelihood: -4.58265e+07	(delta): 79.8316
44 (QN/Block) 	Elapsed: 16.975	Loglikelihood: -4.58264e+07	(delta): 107.244
45 (QN/Block) 	Elapsed: 17.037	Loglikelihood: -4.58263e+07	(delta): 68.8169
46 (QN/Block) 	Elapsed: 17.11	Loglikelihood: -4.58263e+07	(delta): 50.3024
47 (QN/Block) 	Elapsed: 17.028	Loglikelihood: -4.58263e+07	(delta): 31.3122
48 (QN/Block) 	Elapsed: 17.086	Loglikelihood: -4.58262e+07	(delta): 29.3985
49 (QN/Block) 	Elapsed: 16.97	Loglikelihood: -4.58262e+07	(delta): 33.2949
50 (QN/Block) 	Elapsed: 17.1	Loglikelihood: -4.58262e+07	(delta): 28.4288
51 (QN/Block) 	Elapsed: 17.066	Loglikelihood: -4.58261e+07	(delta): 46.5815
52 (QN/Block) 	Elapsed: 17.073	Loglikelihood: -4.58261e+07	(delta): 25.4016
53 (QN/Block) 	Elapsed: 17.037	Loglikelihood: -4.58261e+07	(delta): 30.2657
54 (QN/Block) 	Elapsed: 17.126	Loglikelihood: -4.58261e+07	(delta): 12.5489
55 (QN/Block) 	Elapsed: 16.963	Loglikelihood: -4.5826e+07	(delta): 56.2187
56 (QN/Block) 	Elapsed: 17.014	Loglikelihood: -4.5826e+07	(delta): 31.2054
57 (QN/Block) 	Elapsed: 16.948	Loglikelihood: -4.58259e+07	(delta): 24.3585
58 (QN/Block) 	Elapsed: 16.96	Loglikelihood: -4.58259e+07	(delta): 7.49099
59 (QN/Block) 	Elapsed: 17.018	Loglikelihood: -4.58259e+07	(delta): 10.2582
60 (QN/Block) 	Elapsed: 16.994	Loglikelihood: -4.58259e+07	(delta): 7.62066
61 (QN/Block) 	Elapsed: 17.031	Loglikelihood: -4.58259e+07	(delta): 9.91075
62 (QN/Block) 	Elapsed: 17.102	Loglikelihood: -4.58259e+07	(delta): 7.51482
63 (QN/Block) 	Elapsed: 17.017	Loglikelihood: -4.58259e+07	(delta): 6.5492
64 (QN/Block) 	Elapsed: 17.07	Loglikelihood: -4.58259e+07	(delta): 4.58383
65 (QN/Block) 	Elapsed: 16.975	Loglikelihood: -4.58259e+07	(delta): 3.39152
66 (QN/Block) 	Elapsed: 16.96	Loglikelihood: -4.58259e+07	(delta): 8.47757
67 (QN/Block) 	Elapsed: 17.002	Loglikelihood: -4.58259e+07	(delta): 3.36776
68 (QN/Block) 	Elapsed: 16.983	Loglikelihood: -4.58259e+07	(delta): 4.64511
69 (QN/Block) 	Elapsed: 16.996	Loglikelihood: -4.58259e+07	(delta): 2.72738
70 (QN/Block) 	Elapsed: 16.998	Loglikelihood: -4.58259e+07	(delta): 3.9305
71 (QN/Block) 	Elapsed: 17.034	Loglikelihood: -4.58259e+07	(delta): 2.83701
72 (QN/Block) 	Elapsed: 16.96	Loglikelihood: -4.58259e+07	(delta): 3.38616
73 (QN/Block) 	Elapsed: 16.97	Loglikelihood: -4.58259e+07	(delta): 1.92568
74 (QN/Block) 	Elapsed: 17.024	Loglikelihood: -4.58258e+07	(delta): 5.53635
75 (QN/Block) 	Elapsed: 16.984	Loglikelihood: -4.58258e+07	(delta): 2.79185
76 (QN/Block) 	Elapsed: 17.021	Loglikelihood: -4.58258e+07	(delta): 5.74367
77 (QN/Block) 	Elapsed: 17.04	Loglikelihood: -4.58258e+07	(delta): 2.84037
78 (QN/Block) 	Elapsed: 17.061	Loglikelihood: -4.58258e+07	(delta): 4.28311
79 (QN/Block) 	Elapsed: 16.989	Loglikelihood: -4.58258e+07	(delta): 1.74813
80 (QN/Block) 	Elapsed: 16.955	Loglikelihood: -4.58258e+07	(delta): 3.73245
81 (QN/Block) 	Elapsed: 16.969	Loglikelihood: -4.58258e+07	(delta): 3.13417
82 (QN/Block) 	Elapsed: 17.001	Loglikelihood: -4.58258e+07	(delta): 5.32283
83 (QN/Block) 	Elapsed: 16.945	Loglikelihood: -4.58258e+07	(delta): 1.37226
84 (QN/Block) 	Elapsed: 17.159	Loglikelihood: -4.58258e+07	(delta): 0.480297
85 (QN/Block) 	Elapsed: 17.124	Loglikelihood: -4.58258e+07	(delta): 0.473949
86 (QN/Block) 	Elapsed: 17.065	Loglikelihood: -4.58258e+07	(delta): 5.40564
87 (QN/Block) 	Elapsed: 17.015	Loglikelihood: -4.58258e+07	(delta): 1.9827
88 (QN/Block) 	Elapsed: 17.139	Loglikelihood: -4.58258e+07	(delta): 0.397533
89 (QN/Block) 	Elapsed: 17.199	Loglikelihood: -4.58258e+07	(delta): 0.352111
90 (QN/Block) 	Elapsed: 17.294	Loglikelihood: -4.58258e+07	(delta): 0.346204
91 (QN/Block) 	Elapsed: 17.24	Loglikelihood: -4.58258e+07	(delta): 0.342948
92 (QN/Block) 	Elapsed: 16.974	Loglikelihood: -4.58258e+07	(delta): 1.75276
93 (QN/Block) 	Elapsed: 17.191	Loglikelihood: -4.58258e+07	(delta): 1.11533
94 (QN/Block) 	Elapsed: 16.973	Loglikelihood: -4.58258e+07	(delta): 2.36218
95 (QN/Block) 	Elapsed: 17.121	Loglikelihood: -4.58258e+07	(delta): 1.25924
96 (QN/Block) 	Elapsed: 16.997	Loglikelihood: -4.58258e+07	(delta): 0.595292
97 (QN/Block) 	Elapsed: 17.067	Loglikelihood: -4.58258e+07	(delta): 0.374794
98 (QN/Block) 	Elapsed: 17.013	Loglikelihood: -4.58258e+07	(delta): 0.400251
99 (QN/Block) 	Elapsed: 16.945	Loglikelihood: -4.58258e+07	(delta): 2.62914
100 (QN/Block) 	Elapsed: 16.994	Loglikelihood: -4.58258e+07	(delta): 0.66098
101 (QN/Block) 	Elapsed: 17.182	Loglikelihood: -4.58258e+07	(delta): 0.297743
102 (QN/Block) 	Elapsed: 16.949	Loglikelihood: -4.58258e+07	(delta): 2.43404
103 (QN/Block) 	Elapsed: 16.988	Loglikelihood: -4.58258e+07	(delta): 1.13273
104 (QN/Block) 	Elapsed: 17.055	Loglikelihood: -4.58258e+07	(delta): 1.51949
105 (QN/Block) 	Elapsed: 16.952	Loglikelihood: -4.58258e+07	(delta): 0.205063
106 (QN/Block) 	Elapsed: 17.072	Loglikelihood: -4.58258e+07	(delta): 0.807511
107 (QN/Block) 	Elapsed: 16.988	Loglikelihood: -4.58258e+07	(delta): 1.07018
108 (QN/Block) 	Elapsed: 17.131	Loglikelihood: -4.58258e+07	(delta): 1.10998
109 (QN/Block) 	Elapsed: 17.014	Loglikelihood: -4.58258e+07	(delta): 0.738428
110 (QN/Block) 	Elapsed: 17.02	Loglikelihood: -4.58258e+07	(delta): 0.30691
111 (QN/Block) 	Elapsed: 16.831	Loglikelihood: -4.58258e+07	(delta): 0.667772
112 (QN/Block) 	Elapsed: 16.942	Loglikelihood: -4.58258e+07	(delta): 0.775847
113 (QN/Block) 	Elapsed: 17.035	Loglikelihood: -4.58258e+07	(delta): 0.429871
114 (QN/Block) 	Elapsed: 16.956	Loglikelihood: -4.58258e+07	(delta): 0.555349
115 (QN/Block) 	Elapsed: 16.969	Loglikelihood: -4.58258e+07	(delta): 0.373162
116 (QN/Block) 	Elapsed: 16.956	Loglikelihood: -4.58258e+07	(delta): 0.80748
117 (QN/Block) 	Elapsed: 16.928	Loglikelihood: -4.58258e+07	(delta): 0.663633
118 (QN/Block) 	Elapsed: 16.953	Loglikelihood: -4.58258e+07	(delta): 0.406887
119 (QN/Block) 	Elapsed: 17.007	Loglikelihood: -4.58258e+07	(delta): 0.186805
120 (QN/Block) 	Elapsed: 16.914	Loglikelihood: -4.58258e+07	(delta): 0.639983
121 (QN/Block) 	Elapsed: 17.314	Loglikelihood: -4.58258e+07	(delta): 0.720527
122 (QN/Block) 	Elapsed: 16.954	Loglikelihood: -4.58258e+07	(delta): 0.734479
123 (QN/Block) 	Elapsed: 16.969	Loglikelihood: -4.58258e+07	(delta): 0.120261
124 (QN/Block) 	Elapsed: 17.058	Loglikelihood: -4.58258e+07	(delta): 0.241828
125 (QN/Block) 	Elapsed: 17.011	Loglikelihood: -4.58258e+07	(delta): 0.124521
126 (QN/Block) 	Elapsed: 17.098	Loglikelihood: -4.58258e+07	(delta): 0.0470069
127 (QN/Block) 	Elapsed: 17.142	Loglikelihood: -4.58258e+07	(delta): 0.0467066
128 (QN/Block) 	Elapsed: 17.092	Loglikelihood: -4.58258e+07	(delta): 0.046394
129 (QN/Block) 	Elapsed: 17.146	Loglikelihood: -4.58258e+07	(delta): 0.0460838
130 (QN/Block) 	Elapsed: 17.196	Loglikelihood: -4.58258e+07	(delta): 0.0457808
131 (QN/Block) 	Elapsed: 17.191	Loglikelihood: -4.58258e+07	(delta): 0.0454828
132 (QN/Block) 	Elapsed: 17.438	Loglikelihood: -4.58258e+07	(delta): 0.0451861
133 (QN/Block) 	Elapsed: 17.089	Loglikelihood: -4.58258e+07	(delta): 0.0448878
134 (QN/Block) 	Elapsed: 17.165	Loglikelihood: -4.58258e+07	(delta): 0.0445979
135 (QN/Block) 	Elapsed: 17.253	Loglikelihood: -4.58258e+07	(delta): 0.0443196
136 (QN/Block) 	Elapsed: 17.398	Loglikelihood: -4.58258e+07	(delta): 0.0440452
137 (QN/Block) 	Elapsed: 17.189	Loglikelihood: -4.58258e+07	(delta): 0.0437691
138 (QN/Block) 	Elapsed: 17.128	Loglikelihood: -4.58258e+07	(delta): 2.38965
139 (QN/Block) 	Elapsed: 17.131	Loglikelihood: -4.58258e+07	(delta): 1.36418
140 (QN/Block) 	Elapsed: 17.152	Loglikelihood: -4.58258e+07	(delta): 1.22894
141 (QN/Block) 	Elapsed: 17.036	Loglikelihood: -4.58258e+07	(delta): 0.0680693
142 (QN/Block) 	Elapsed: 16.969	Loglikelihood: -4.58258e+07	(delta): 0.0275652
143 (QN/Block) 	Elapsed: 17.009	Loglikelihood: -4.58258e+07	(delta): 0.0291466
144 (QN/Block) 	Elapsed: 17.043	Loglikelihood: -4.58258e+07	(delta): 0.0278964
145 (QN/Block) 	Elapsed: 16.945	Loglikelihood: -4.58258e+07	(delta): 0.0264677
146 (QN/Block) 	Elapsed: 17.029	Loglikelihood: -4.58258e+07	(delta): 0.0506182
147 (QN/Block) 	Elapsed: 17.048	Loglikelihood: -4.58258e+07	(delta): 0.216126
148 (QN/Block) 	Elapsed: 17.016	Loglikelihood: -4.58258e+07	(delta): 0.12998
149 (QN/Block) 	Elapsed: 17.058	Loglikelihood: -4.58258e+07	(delta): 0.0547024
150 (QN/Block) 	Elapsed: 16.956	Loglikelihood: -4.58258e+07	(delta): 0.0255941
151 (QN/Block) 	Elapsed: 17.084	Loglikelihood: -4.58258e+07	(delta): 0.304079
152 (QN/Block) 	Elapsed: 17.178	Loglikelihood: -4.58258e+07	(delta): 0.0105457
153 (QN/Block) 	Elapsed: 17.043	Loglikelihood: -4.58258e+07	(delta): 0.412785
154 (QN/Block) 	Elapsed: 17.024	Loglikelihood: -4.58258e+07	(delta): 0.0618581
155 (QN/Block) 	Elapsed: 17.181	Loglikelihood: -4.58258e+07	(delta): 0.00501312
156 (QN/Block) 	Elapsed: 17.137	Loglikelihood: -4.58258e+07	(delta): 0.00485378
157 (QN/Block) 	Elapsed: 17.138	Loglikelihood: -4.58258e+07	(delta): 0.00481509
158 (QN/Block) 	Elapsed: 17.253	Loglikelihood: -4.58258e+07	(delta): 0.00480311
159 (QN/Block) 	Elapsed: 17.176	Loglikelihood: -4.58258e+07	(delta): 0.0048094
160 (QN/Block) 	Elapsed: 17.208	Loglikelihood: -4.58258e+07	(delta): 0.00519107
161 (QN/Block) 	Elapsed: 17.128	Loglikelihood: -4.58258e+07	(delta): 0.0052142
162 (QN/Block) 	Elapsed: 17.22	Loglikelihood: -4.58258e+07	(delta): 0.00480842
163 (QN/Block) 	Elapsed: 17.281	Loglikelihood: -4.58258e+07	(delta): 0.00486107
164 (QN/Block) 	Elapsed: 17.125	Loglikelihood: -4.58258e+07	(delta): 0.00493266
165 (QN/Block) 	Elapsed: 17.134	Loglikelihood: -4.58258e+07	(delta): 0.00502685
166 (QN/Block) 	Elapsed: 17.146	Loglikelihood: -4.58258e+07	(delta): 0.00514689
167 (QN/Block) 	Elapsed: 17.091	Loglikelihood: -4.58258e+07	(delta): 0.00496741
168 (QN/Block) 	Elapsed: 17.335	Loglikelihood: -4.58258e+07	(delta): 0.00458276
169 (QN/Block) 	Elapsed: 16.683	Loglikelihood: -4.58258e+07	(delta): 0.0186926
170 (QN/Block) 	Elapsed: 16.797	Loglikelihood: -4.58258e+07	(delta): 0.00959281
171 (QN/Block) 	Elapsed: 16.791	Loglikelihood: -4.58258e+07	(delta): 0.0144364
172 (QN/Block) 	Elapsed: 16.733	Loglikelihood: -4.58258e+07	(delta): 0.0749401
173 (QN/Block) 	Elapsed: 16.807	Loglikelihood: -4.58258e+07	(delta): 0.0181649
174 (QN/Block) 	Elapsed: 16.798	Loglikelihood: -4.58258e+07	(delta): 0.120704
175 (QN/Block) 	Elapsed: 16.693	Loglikelihood: -4.58258e+07	(delta): 0.0118969
176 (QN/Block) 	Elapsed: 16.95	Loglikelihood: -4.58258e+07	(delta): 0.0521282
177 (QN/Block) 	Elapsed: 16.627	Loglikelihood: -4.58258e+07	(delta): 0.00675483
178 (QN/Block) 	Elapsed: 16.597	Loglikelihood: -4.58258e+07	(delta): 0.0750645
179 (QN/Block) 	Elapsed: 16.701	Loglikelihood: -4.58258e+07	(delta): 0.0237857
180 (QN/Block) 	Elapsed: 16.93	Loglikelihood: -4.58258e+07	(delta): 0.055855
181 (QN/Block) 	Elapsed: 16.675	Loglikelihood: -4.58258e+07	(delta): 0.0052276
182 (QN/Block) 	Elapsed: 16.753	Loglikelihood: -4.58258e+07	(delta): 0.0344183
183 (QN/Block) 	Elapsed: 16.773	Loglikelihood: -4.58258e+07	(delta): 0.0189396
184 (QN/Block) 	Elapsed: 16.833	Loglikelihood: -4.58258e+07	(delta): 0.0418554
185 (QN/Block) 	Elapsed: 16.894	Loglikelihood: -4.58258e+07	(delta): 0.00577506
186 (QN/Block) 	Elapsed: 16.96	Loglikelihood: -4.58258e+07	(delta): 0.0390045
187 (QN/Block) 	Elapsed: 16.976	Loglikelihood: -4.58258e+07	(delta): 0.0175664
188 (QN/Block) 	Elapsed: 16.944	Loglikelihood: -4.58258e+07	(delta): 0.0191881
189 (QN/Block) 	Elapsed: 16.936	Loglikelihood: -4.58258e+07	(delta): 0.00300908
190 (QN/Block) 	Elapsed: 17.039	Loglikelihood: -4.58258e+07	(delta): 0.0114002
191 (QN/Block) 	Elapsed: 17.024	Loglikelihood: -4.58258e+07	(delta): 0.0644852
192 (QN/Block) 	Elapsed: 16.964	Loglikelihood: -4.58258e+07	(delta): 0.0510302
193 (QN/Block) 	Elapsed: 16.969	Loglikelihood: -4.58258e+07	(delta): 0.00493896
194 (QN/Block) 	Elapsed: 16.963	Loglikelihood: -4.58258e+07	(delta): 0.00477251
195 (QN/Block) 	Elapsed: 16.908	Loglikelihood: -4.58258e+07	(delta): 0.0332839
196 (QN/Block) 	Elapsed: 16.906	Loglikelihood: -4.58258e+07	(delta): 0.0352114
197 (QN/Block) 	Elapsed: 16.965	Loglikelihood: -4.58258e+07	(delta): 0.00568104
198 (QN/Block) 	Elapsed: 16.878	Loglikelihood: -4.58258e+07	(delta): 0.00707947
199 (QN/Block) 	Elapsed: 16.89	Loglikelihood: -4.58258e+07	(delta): 0.00820974
200 (QN/Block) 	Elapsed: 17.032	Loglikelihood: -4.58258e+07	(delta): 0.0107399
201 (QN/Block) 	Elapsed: 16.908	Loglikelihood: -4.58258e+07	(delta): 0.0206177
202 (QN/Block) 	Elapsed: 17.017	Loglikelihood: -4.58258e+07	(delta): 0.00953832
203 (QN/Block) 	Elapsed: 16.941	Loglikelihood: -4.58258e+07	(delta): 0.00504635
204 (QN/Block) 	Elapsed: 17.006	Loglikelihood: -4.58258e+07	(delta): 0.00404131
205 (QN/Block) 	Elapsed: 16.899	Loglikelihood: -4.58258e+07	(delta): 0.0522843
206 (QN/Block) 	Elapsed: 16.921	Loglikelihood: -4.58258e+07	(delta): 0.0311448
207 (QN/Block) 	Elapsed: 17.109	Loglikelihood: -4.58258e+07	(delta): 0.00301641
208 (QN/Block) 	Elapsed: 17.214	Loglikelihood: -4.58258e+07	(delta): 0.00311218
209 (QN/Block) 	Elapsed: 16.955	Loglikelihood: -4.58258e+07	(delta): 0.00995913
210 (QN/Block) 	Elapsed: 17.071	Loglikelihood: -4.58258e+07	(delta): 0.0155935
211 (QN/Block) 	Elapsed: 16.973	Loglikelihood: -4.58258e+07	(delta): 0.00618429
212 (QN/Block) 	Elapsed: 17.07	Loglikelihood: -4.58258e+07	(delta): 0.00415621
213 (QN/Block) 	Elapsed: 16.958	Loglikelihood: -4.58258e+07	(delta): 0.00412785
214 (QN/Block) 	Elapsed: 17.039	Loglikelihood: -4.58258e+07	(delta): 0.00275195
215 (QN/Block) 	Elapsed: 17.051	Loglikelihood: -4.58258e+07	(delta): 0.00378418
216 (QN/Block) 	Elapsed: 17.036	Loglikelihood: -4.58258e+07	(delta): 0.00400922
217 (QN/Block) 	Elapsed: 16.948	Loglikelihood: -4.58258e+07	(delta): 0.00334616
218 (QN/Block) 	Elapsed: 17.067	Loglikelihood: -4.58258e+07	(delta): 0.0361238
219 (QN/Block) 	Elapsed: 17.002	Loglikelihood: -4.58258e+07	(delta): 0.0254606
220 (QN/Block) 	Elapsed: 16.951	Loglikelihood: -4.58258e+07	(delta): 0.00193053
221 (QN/Block) 	Elapsed: 16.96	Loglikelihood: -4.58258e+07	(delta): 0.00248176
222 (QN/Block) 	Elapsed: 16.899	Loglikelihood: -4.58258e+07	(delta): 0.00509469
223 (QN/Block) 	Elapsed: 17.005	Loglikelihood: -4.58258e+07	(delta): 0.00436787
224 (QN/Block) 	Elapsed: 16.992	Loglikelihood: -4.58258e+07	(delta): 0.0158002
225 (QN/Block) 	Elapsed: 16.906	Loglikelihood: -4.58258e+07	(delta): 0.00539035
226 (QN/Block) 	Elapsed: 17.122	Loglikelihood: -4.58258e+07	(delta): 0.00447484
227 (QN/Block) 	Elapsed: 16.715	Loglikelihood: -4.58258e+07	(delta): 0.00286014
228 (QN/Block) 	Elapsed: 16.758	Loglikelihood: -4.58258e+07	(delta): 0.00546577
229 (QN/Block) 	Elapsed: 16.646	Loglikelihood: -4.58258e+07	(delta): 0.00647786
230 (QN/Block) 	Elapsed: 16.73	Loglikelihood: -4.58258e+07	(delta): 0.0100857
231 (QN/Block) 	Elapsed: 16.699	Loglikelihood: -4.58258e+07	(delta): 0.00216804
232 (QN/Block) 	Elapsed: 16.733	Loglikelihood: -4.58258e+07	(delta): 0.00278503
233 (QN/Block) 	Elapsed: 16.682	Loglikelihood: -4.58258e+07	(delta): 0.00583854
234 (QN/Block) 	Elapsed: 16.626	Loglikelihood: -4.58258e+07	(delta): 0.0195555
235 (QN/Block) 	Elapsed: 16.634	Loglikelihood: -4.58258e+07	(delta): 0.0011445
236 (QN/Block) 	Elapsed: 16.7	Loglikelihood: -4.58258e+07	(delta): 0.00230262
237 (QN/Block) 	Elapsed: 16.709	Loglikelihood: -4.58258e+07	(delta): 0.00404163
238 (QN/Block) 	Elapsed: 16.648	Loglikelihood: -4.58258e+07	(delta): 0.0115872
239 (QN/Block) 	Elapsed: 16.676	Loglikelihood: -4.58258e+07	(delta): 0.00243361
240 (QN/Block) 	Elapsed: 16.654	Loglikelihood: -4.58258e+07	(delta): 0.0021941
241 (QN/Block) 	Elapsed: 16.724	Loglikelihood: -4.58258e+07	(delta): 0.00155284
242 (QN/Block) 	Elapsed: 16.708	Loglikelihood: -4.58258e+07	(delta): 0.00579158
243 (QN/Block) 	Elapsed: 16.867	Loglikelihood: -4.58258e+07	(delta): 0.00404008
244 (QN/Block) 	Elapsed: 16.774	Loglikelihood: -4.58258e+07	(delta): 0.0069965
245 (QN/Block) 	Elapsed: 16.718	Loglikelihood: -4.58258e+07	(delta): 0.00537856
246 (QN/Block) 	Elapsed: 16.733	Loglikelihood: -4.58258e+07	(delta): 0.00048732
247 (QN/Block) 	Elapsed: 16.701	Loglikelihood: -4.58258e+07	(delta): 0.00146232
248 (QN/Block) 	Elapsed: 16.695	Loglikelihood: -4.58258e+07	(delta): 0.00199688
249 (QN/Block) 	Elapsed: 16.766	Loglikelihood: -4.58258e+07	(delta): 0.0109584
250 (QN/Block) 	Elapsed: 16.806	Loglikelihood: -4.58258e+07	(delta): 0.000852883
251 (QN/Block) 	Elapsed: 16.686	Loglikelihood: -4.58258e+07	(delta): 0.00204778
252 (QN/Block) 	Elapsed: 16.729	Loglikelihood: -4.58258e+07	(delta): 0.0010009
253 (QN/Block) 	Elapsed: 16.781	Loglikelihood: -4.58258e+07	(delta): 0.00472344
254 (QN/Block) 	Elapsed: 16.768	Loglikelihood: -4.58258e+07	(delta): 0.0044636
255 (QN/Block) 	Elapsed: 16.794	Loglikelihood: -4.58258e+07	(delta): 0.00417656
256 (QN/Block) 	Elapsed: 16.748	Loglikelihood: -4.58258e+07	(delta): 0.000738338
257 (QN/Block) 	Elapsed: 16.782	Loglikelihood: -4.58258e+07	(delta): 0.00155628
258 (QN/Block) 	Elapsed: 16.837	Loglikelihood: -4.58258e+07	(delta): 0.00235328
259 (QN/Block) 	Elapsed: 16.717	Loglikelihood: -4.58258e+07	(delta): 0.00105574
260 (QN/Block) 	Elapsed: 16.698	Loglikelihood: -4.58258e+07	(delta): 0.00185824
261 (QN/Block) 	Elapsed: 16.719	Loglikelihood: -4.58258e+07	(delta): 0.00366602
262 (QN/Block) 	Elapsed: 16.715	Loglikelihood: -4.58258e+07	(delta): 0.00312666
263 (QN/Block) 	Elapsed: 16.732	Loglikelihood: -4.58258e+07	(delta): 0.00106727
264 (QN/Block) 	Elapsed: 16.673	Loglikelihood: -4.58258e+07	(delta): 0.00111566
265 (QN/Block) 	Elapsed: 16.716	Loglikelihood: -4.58258e+07	(delta): 0.00296289
266 (QN/Block) 	Elapsed: 16.737	Loglikelihood: -4.58258e+07	(delta): 0.00815082
267 (QN/Block) 	Elapsed: 16.662	Loglikelihood: -4.58258e+07	(delta): 0.0011263
268 (QN/Block) 	Elapsed: 16.805	Loglikelihood: -4.58258e+07	(delta): 0.00084386
269 (QN/Block) 	Elapsed: 16.709	Loglikelihood: -4.58258e+07	(delta): 0.00209715
270 (QN/Block) 	Elapsed: 16.843	Loglikelihood: -4.58258e+07	(delta): 0.0109757
271 (QN/Block) 	Elapsed: 16.888	Loglikelihood: -4.58258e+07	(delta): 0.0010232
272 (QN/Block) 	Elapsed: 16.891	Loglikelihood: -4.58258e+07	(delta): 0.000878632
273 (QN/Block) 	Elapsed: 17.065	Loglikelihood: -4.58258e+07	(delta): 0.0018745
274 (QN/Block) 	Elapsed: 17.229	Loglikelihood: -4.58258e+07	(delta): 0.00387678
275 (QN/Block) 	Elapsed: 16.817	Loglikelihood: -4.58258e+07	(delta): 0.000567779
276 (QN/Block) 	Elapsed: 17.113	Loglikelihood: -4.58258e+07	(delta): 0.00177543
277 (QN/Block) 	Elapsed: 17.071	Loglikelihood: -4.58258e+07	(delta): 0.00129015
278 (QN/Block) 	Elapsed: 17.037	Loglikelihood: -4.58258e+07	(delta): 0.00421933
279 (QN/Block) 	Elapsed: 17.029	Loglikelihood: -4.58258e+07	(delta): 0.000810444
280 (QN/Block) 	Elapsed: 17.123	Loglikelihood: -4.58258e+07	(delta): 0.00185128
281 (QN/Block) 	Elapsed: 17.197	Loglikelihood: -4.58258e+07	(delta): 0.00100175
282 (QN/Block) 	Elapsed: 17.524	Loglikelihood: -4.58258e+07	(delta): 0.0136133
283 (QN/Block) 	Elapsed: 17.094	Loglikelihood: -4.58258e+07	(delta): 0.00133765
284 (QN/Block) 	Elapsed: 17.078	Loglikelihood: -4.58258e+07	(delta): 0.000474289
285 (QN/Block) 	Elapsed: 17.049	Loglikelihood: -4.58258e+07	(delta): 0.000428379
286 (QN/Block) 	Elapsed: 17.071	Loglikelihood: -4.58258e+07	(delta): 0.00105707
287 (QN/Block) 	Elapsed: 17.066	Loglikelihood: -4.58258e+07	(delta): 0.00216976
288 (QN/Block) 	Elapsed: 17.092	Loglikelihood: -4.58258e+07	(delta): 0.00799209
289 (QN/Block) 	Elapsed: 17.076	Loglikelihood: -4.58258e+07	(delta): 0.000895388
290 (QN/Block) 	Elapsed: 16.945	Loglikelihood: -4.58258e+07	(delta): 0.00053858
291 (QN/Block) 	Elapsed: 17.025	Loglikelihood: -4.58258e+07	(delta): 0.000417128
292 (QN/Block) 	Elapsed: 17.057	Loglikelihood: -4.58258e+07	(delta): 0.00107857
293 (QN/Block) 	Elapsed: 17.032	Loglikelihood: -4.58258e+07	(delta): 0.00335281
294 (QN/Block) 	Elapsed: 17.069	Loglikelihood: -4.58258e+07	(delta): 0.00611233
295 (QN/Block) 	Elapsed: 17.037	Loglikelihood: -4.58258e+07	(delta): 0.00153233
296 (QN/Block) 	Elapsed: 17.005	Loglikelihood: -4.58258e+07	(delta): 0.000513986
297 (QN/Block) 	Elapsed: 16.995	Loglikelihood: -4.58258e+07	(delta): 0.000350714
298 (QN/Block) 	Elapsed: 17.011	Loglikelihood: -4.58258e+07	(delta): 0.000682876
299 (QN/Block) 	Elapsed: 17.044	Loglikelihood: -4.58258e+07	(delta): 0.00137438
300 (QN/Block) 	Elapsed: 17.193	Loglikelihood: -4.58258e+07	(delta): 0.000824668
301 (QN/Block) 	Elapsed: 17.35	Loglikelihood: -4.58258e+07	(delta): 0.00157131
302 (QN/Block) 	Elapsed: 17.232	Loglikelihood: -4.58258e+07	(delta): 0.00149987
303 (QN/Block) 	Elapsed: 16.914	Loglikelihood: -4.58258e+07	(delta): 0.000545375
304 (QN/Block) 	Elapsed: 16.956	Loglikelihood: -4.58258e+07	(delta): 0.000291467
305 (QN/Block) 	Elapsed: 16.916	Loglikelihood: -4.58258e+07	(delta): 0.00920192
306 (QN/Block) 	Elapsed: 16.927	Loglikelihood: -4.58258e+07	(delta): 0.00067018
307 (QN/Block) 	Elapsed: 16.916	Loglikelihood: -4.58258e+07	(delta): 0.000980429
308 (QN/Block) 	Elapsed: 16.993	Loglikelihood: -4.58258e+07	(delta): 0.00027477
309 (QN/Block) 	Elapsed: 16.946	Loglikelihood: -4.58258e+07	(delta): 0.00115293
310 (QN/Block) 	Elapsed: 16.924	Loglikelihood: -4.58258e+07	(delta): 0.00251383
311 (QN/Block) 	Elapsed: 16.925	Loglikelihood: -4.58258e+07	(delta): 0.00138748
312 (QN/Block) 	Elapsed: 16.956	Loglikelihood: -4.58258e+07	(delta): 0.000282936
313 (QN/Block) 	Elapsed: 16.937	Loglikelihood: -4.58258e+07	(delta): 0.000985771
314 (QN/Block) 	Elapsed: 16.96	Loglikelihood: -4.58258e+07	(delta): 0.00126264
315 (QN/Block) 	Elapsed: 16.96	Loglikelihood: -4.58258e+07	(delta): 0.00160044
316 (QN/Block) 	Elapsed: 16.974	Loglikelihood: -4.58258e+07	(delta): 0.000217743
317 (QN/Block) 	Elapsed: 16.959	Loglikelihood: -4.58258e+07	(delta): 0.000395671
318 (QN/Block) 	Elapsed: 16.995	Loglikelihood: -4.58258e+07	(delta): 0.000210866
319 (QN/Block) 	Elapsed: 17.042	Loglikelihood: -4.58258e+07	(delta): 0.00175126
320 (QN/Block) 	Elapsed: 16.993	Loglikelihood: -4.58258e+07	(delta): 0.00119691
321 (QN/Block) 	Elapsed: 16.928	Loglikelihood: -4.58258e+07	(delta): 0.00212011
322 (QN/Block) 	Elapsed: 17.011	Loglikelihood: -4.58258e+07	(delta): 0.000150137
323 (QN/Block) 	Elapsed: 16.965	Loglikelihood: -4.58258e+07	(delta): 0.000785597
324 (QN/Block) 	Elapsed: 16.949	Loglikelihood: -4.58258e+07	(delta): 0.000565343
325 (QN/Block) 	Elapsed: 16.938	Loglikelihood: -4.58258e+07	(delta): 0.000512205
326 (QN/Block) 	Elapsed: 16.978	Loglikelihood: -4.58258e+07	(delta): 0.000132978
327 (QN/Block) 	Elapsed: 17.087	Loglikelihood: -4.58258e+07	(delta): 0.000390425
328 (QN/Block) 	Elapsed: 17.177	Loglikelihood: -4.58258e+07	(delta): 0.00277898
329 (QN/Block) 	Elapsed: 16.953	Loglikelihood: -4.58258e+07	(delta): 0.00459336
330 (QN/Block) 	Elapsed: 16.945	Loglikelihood: -4.58258e+07	(delta): 0.00024616
331 (QN/Block) 	Elapsed: 16.943	Loglikelihood: -4.58258e+07	(delta): 6.71595e-05
Summary: 
Converged in 331 iterations (5679.06 sec)
Loglikelihood: -45825771.690239
Fst divergences between estimated populations: 
	Pop0	Pop1	Pop2	Pop3	
Pop0	
Pop1	0.068	
Pop2	0.123	0.078	
Pop3	0.199	0.158	0.214	
Pop4	0.127	0.083	0.143	0.217	
CV error (K=5): 0.63006
Writing output files.
